<?xml version="1.0" encoding="UTF-8"?>
<!-- Generated by org.testng.reporters.JUnitReportReporter -->
<testsuite hostname="MC9011082219" failures="0" tests="3" name="nopcommerce.stepdefinition.Stepdefinition" time="0.039" errors="3" timestamp="2023-03-24T20:24:22 IST" skipped="0">
  <testcase classname="nopcommerce.stepdefinition.Stepdefinition" name="open_the_browser" time="0.013">
    <error message="Cannot invoke &quot;String.equalsIgnoreCase(String)&quot; because &quot;browser&quot; is null" type="java.lang.NullPointerException">
      <![CDATA[java.lang.NullPointerException: Cannot invoke "String.equalsIgnoreCase(String)" because "browser" is null
at nopcommerce.stepdefinition.Stepdefinition.open_the_browser(Stepdefinition.java:122)
at java.base/jdk.internal.reflect.DirectMethodHandleAccessor.invoke(DirectMethodHandleAccessor.java:104)
at java.base/java.lang.reflect.Method.invoke(Method.java:577)
at org.testng.internal.MethodInvocationHelper.invokeMethod(MethodInvocationHelper.java:131)
at org.testng.internal.MethodInvocationHelper.invokeMethodConsideringTimeout(MethodInvocationHelper.java:61)
at org.testng.internal.Invoker.invokeConfigurationMethod(Invoker.java:511)
at org.testng.internal.Invoker.invokeConfigurations(Invoker.java:241)
at org.testng.internal.Invoker.invokeConfigurations(Invoker.java:144)
at org.testng.TestRunner.beforeRun(TestRunner.java:612)
at org.testng.TestRunner.run(TestRunner.java:582)
at org.testng.SuiteRunner.runTest(SuiteRunner.java:398)
at org.testng.SuiteRunner.access$000(SuiteRunner.java:39)
at org.testng.SuiteRunner$SuiteWorker.run(SuiteRunner.java:437)
at org.testng.internal.thread.ThreadUtil$1.call(ThreadUtil.java:70)
at java.base/java.util.concurrent.FutureTask.run(FutureTask.java:264)
at java.base/java.util.concurrent.ThreadPoolExecutor.runWorker(ThreadPoolExecutor.java:1136)
at java.base/java.util.concurrent.ThreadPoolExecutor$Worker.run(ThreadPoolExecutor.java:635)
at java.base/java.lang.Thread.run(Thread.java:833)
]]>
    </error>
  </testcase> <!-- open_the_browser -->
  <testcase classname="nopcommerce.stepdefinition.Stepdefinition" name="open_the_browser" time="0.013">
    <error message="Cannot invoke &quot;String.equalsIgnoreCase(String)&quot; because &quot;browser&quot; is null" type="java.lang.NullPointerException">
      <![CDATA[java.lang.NullPointerException: Cannot invoke "String.equalsIgnoreCase(String)" because "browser" is null
at nopcommerce.stepdefinition.Stepdefinition.open_the_browser(Stepdefinition.java:122)
at java.base/jdk.internal.reflect.DirectMethodHandleAccessor.invoke(DirectMethodHandleAccessor.java:104)
at java.base/java.lang.reflect.Method.invoke(Method.java:577)
at org.testng.internal.MethodInvocationHelper.invokeMethod(MethodInvocationHelper.java:131)
at org.testng.internal.MethodInvocationHelper.invokeMethodConsideringTimeout(MethodInvocationHelper.java:61)
at org.testng.internal.Invoker.invokeConfigurationMethod(Invoker.java:511)
at org.testng.internal.Invoker.invokeConfigurations(Invoker.java:241)
at org.testng.internal.Invoker.invokeConfigurations(Invoker.java:144)
at org.testng.TestRunner.beforeRun(TestRunner.java:612)
at org.testng.TestRunner.run(TestRunner.java:582)
at org.testng.SuiteRunner.runTest(SuiteRunner.java:398)
at org.testng.SuiteRunner.access$000(SuiteRunner.java:39)
at org.testng.SuiteRunner$SuiteWorker.run(SuiteRunner.java:437)
at org.testng.internal.thread.ThreadUtil$1.call(ThreadUtil.java:70)
at java.base/java.util.concurrent.FutureTask.run(FutureTask.java:264)
at java.base/java.util.concurrent.ThreadPoolExecutor.runWorker(ThreadPoolExecutor.java:1136)
at java.base/java.util.concurrent.ThreadPoolExecutor$Worker.run(ThreadPoolExecutor.java:635)
at java.base/java.lang.Thread.run(Thread.java:833)
]]>
    </error>
  </testcase> <!-- open_the_browser -->
  <testcase classname="nopcommerce.stepdefinition.Stepdefinition" name="open_the_browser" time="0.013">
    <error message="Cannot invoke &quot;String.equalsIgnoreCase(String)&quot; because &quot;browser&quot; is null" type="java.lang.NullPointerException">
      <![CDATA[java.lang.NullPointerException: Cannot invoke "String.equalsIgnoreCase(String)" because "browser" is null
at nopcommerce.stepdefinition.Stepdefinition.open_the_browser(Stepdefinition.java:122)
at java.base/jdk.internal.reflect.DirectMethodHandleAccessor.invoke(DirectMethodHandleAccessor.java:104)
at java.base/java.lang.reflect.Method.invoke(Method.java:577)
at org.testng.internal.MethodInvocationHelper.invokeMethod(MethodInvocationHelper.java:131)
at org.testng.internal.MethodInvocationHelper.invokeMethodConsideringTimeout(MethodInvocationHelper.java:61)
at org.testng.internal.Invoker.invokeConfigurationMethod(Invoker.java:511)
at org.testng.internal.Invoker.invokeConfigurations(Invoker.java:241)
at org.testng.internal.Invoker.invokeConfigurations(Invoker.java:144)
at org.testng.TestRunner.beforeRun(TestRunner.java:612)
at org.testng.TestRunner.run(TestRunner.java:582)
at org.testng.SuiteRunner.runTest(SuiteRunner.java:398)
at org.testng.SuiteRunner.access$000(SuiteRunner.java:39)
at org.testng.SuiteRunner$SuiteWorker.run(SuiteRunner.java:437)
at org.testng.internal.thread.ThreadUtil$1.call(ThreadUtil.java:70)
at java.base/java.util.concurrent.FutureTask.run(FutureTask.java:264)
at java.base/java.util.concurrent.ThreadPoolExecutor.runWorker(ThreadPoolExecutor.java:1136)
at java.base/java.util.concurrent.ThreadPoolExecutor$Worker.run(ThreadPoolExecutor.java:635)
at java.base/java.lang.Thread.run(Thread.java:833)
]]>
    </error>
  </testcase> <!-- open_the_browser -->
</testsuite> <!-- nopcommerce.stepdefinition.Stepdefinition -->
